<?xml version="1.0" encoding="UTF-8"?>
<testsuite xmlns:xsi="http://www.w3.org/2001/XMLSchema-instance" xsi:noNamespaceSchemaLocation="https://maven.apache.org/surefire/maven-surefire-plugin/xsd/surefire-test-report-3.0.xsd" version="3.0" name="com.exercicis.TestExercici0203" time="0.075" tests="11" errors="0" skipped="0" failures="3">
  <properties>
    <property name="java.specification.version" value="17"/>
    <property name="sun.cpu.isalist" value="amd64"/>
    <property name="sun.jnu.encoding" value="Cp1252"/>
    <property name="java.class.path" value="C:\Users\David\Desktop\DAM\DAM_Programacio_1er\Deures02\target\test-classes;C:\Users\David\Desktop\DAM\DAM_Programacio_1er\Deures02\target\classes;C:\Users\David\.m2\repository\org\openjfx\javafx-controls\20\javafx-controls-20.jar;C:\Users\David\.m2\repository\org\openjfx\javafx-controls\20\javafx-controls-20-win.jar;C:\Users\David\.m2\repository\org\openjfx\javafx-fxml\20\javafx-fxml-20.jar;C:\Users\David\.m2\repository\org\openjfx\javafx-fxml\20\javafx-fxml-20-win.jar;C:\Users\David\.m2\repository\org\openjfx\javafx-base\20\javafx-base-20.jar;C:\Users\David\.m2\repository\org\openjfx\javafx-base\20\javafx-base-20-win.jar;C:\Users\David\.m2\repository\org\openjfx\javafx-graphics\20\javafx-graphics-20.jar;C:\Users\David\.m2\repository\org\openjfx\javafx-graphics\20\javafx-graphics-20-win.jar;C:\Users\David\.m2\repository\org\java-websocket\Java-WebSocket\1.5.3\Java-WebSocket-1.5.3.jar;C:\Users\David\.m2\repository\org\json\json\20240303\json-20240303.jar;C:\Users\David\.m2\repository\org\xerial\sqlite-jdbc\3.47.0.0\sqlite-jdbc-3.47.0.0.jar;C:\Users\David\.m2\repository\org\slf4j\slf4j-api\2.0.3\slf4j-api-2.0.3.jar;C:\Users\David\.m2\repository\org\slf4j\slf4j-simple\2.0.3\slf4j-simple-2.0.3.jar;C:\Users\David\.m2\repository\org\jline\jline\3.21.0\jline-3.21.0.jar;C:\Users\David\.m2\repository\org\junit\jupiter\junit-jupiter-api\5.10.2\junit-jupiter-api-5.10.2.jar;C:\Users\David\.m2\repository\org\opentest4j\opentest4j\1.3.0\opentest4j-1.3.0.jar;C:\Users\David\.m2\repository\org\junit\platform\junit-platform-commons\1.10.2\junit-platform-commons-1.10.2.jar;C:\Users\David\.m2\repository\org\apiguardian\apiguardian-api\1.1.2\apiguardian-api-1.1.2.jar;C:\Users\David\.m2\repository\org\junit\jupiter\junit-jupiter-engine\5.10.2\junit-jupiter-engine-5.10.2.jar;C:\Users\David\.m2\repository\org\junit\platform\junit-platform-engine\1.10.2\junit-platform-engine-1.10.2.jar;C:\Users\David\.m2\repository\com\github\stefanbirkner\system-lambda\1.2.1\system-lambda-1.2.1.jar;"/>
    <property name="java.vm.vendor" value="Oracle Corporation"/>
    <property name="sun.arch.data.model" value="64"/>
    <property name="user.variant" value=""/>
    <property name="java.vendor.url" value="https://java.oracle.com/"/>
    <property name="user.timezone" value="Europe/Madrid"/>
    <property name="os.name" value="Windows 10"/>
    <property name="java.vm.specification.version" value="17"/>
    <property name="sun.java.launcher" value="SUN_STANDARD"/>
    <property name="user.country" value="ES"/>
    <property name="sun.boot.library.path" value="C:\Program Files\Java\jdk-17\bin"/>
    <property name="sun.java.command" value="C:\Users\David\AppData\Local\Temp\surefire1616304571625688166\surefirebooter-20250312183340667_3.jar C:\Users\David\AppData\Local\Temp\surefire1616304571625688166 2025-03-12T18-33-40_550-jvmRun1 surefire-20250312183340667_1tmp surefire_0-20250312183340667_2tmp"/>
    <property name="jdk.debug" value="release"/>
    <property name="test" value="com.exercicis.TestExercici0203"/>
    <property name="surefire.test.class.path" value="C:\Users\David\Desktop\DAM\DAM_Programacio_1er\Deures02\target\test-classes;C:\Users\David\Desktop\DAM\DAM_Programacio_1er\Deures02\target\classes;C:\Users\David\.m2\repository\org\openjfx\javafx-controls\20\javafx-controls-20.jar;C:\Users\David\.m2\repository\org\openjfx\javafx-controls\20\javafx-controls-20-win.jar;C:\Users\David\.m2\repository\org\openjfx\javafx-fxml\20\javafx-fxml-20.jar;C:\Users\David\.m2\repository\org\openjfx\javafx-fxml\20\javafx-fxml-20-win.jar;C:\Users\David\.m2\repository\org\openjfx\javafx-base\20\javafx-base-20.jar;C:\Users\David\.m2\repository\org\openjfx\javafx-base\20\javafx-base-20-win.jar;C:\Users\David\.m2\repository\org\openjfx\javafx-graphics\20\javafx-graphics-20.jar;C:\Users\David\.m2\repository\org\openjfx\javafx-graphics\20\javafx-graphics-20-win.jar;C:\Users\David\.m2\repository\org\java-websocket\Java-WebSocket\1.5.3\Java-WebSocket-1.5.3.jar;C:\Users\David\.m2\repository\org\json\json\20240303\json-20240303.jar;C:\Users\David\.m2\repository\org\xerial\sqlite-jdbc\3.47.0.0\sqlite-jdbc-3.47.0.0.jar;C:\Users\David\.m2\repository\org\slf4j\slf4j-api\2.0.3\slf4j-api-2.0.3.jar;C:\Users\David\.m2\repository\org\slf4j\slf4j-simple\2.0.3\slf4j-simple-2.0.3.jar;C:\Users\David\.m2\repository\org\jline\jline\3.21.0\jline-3.21.0.jar;C:\Users\David\.m2\repository\org\junit\jupiter\junit-jupiter-api\5.10.2\junit-jupiter-api-5.10.2.jar;C:\Users\David\.m2\repository\org\opentest4j\opentest4j\1.3.0\opentest4j-1.3.0.jar;C:\Users\David\.m2\repository\org\junit\platform\junit-platform-commons\1.10.2\junit-platform-commons-1.10.2.jar;C:\Users\David\.m2\repository\org\apiguardian\apiguardian-api\1.1.2\apiguardian-api-1.1.2.jar;C:\Users\David\.m2\repository\org\junit\jupiter\junit-jupiter-engine\5.10.2\junit-jupiter-engine-5.10.2.jar;C:\Users\David\.m2\repository\org\junit\platform\junit-platform-engine\1.10.2\junit-platform-engine-1.10.2.jar;C:\Users\David\.m2\repository\com\github\stefanbirkner\system-lambda\1.2.1\system-lambda-1.2.1.jar;"/>
    <property name="sun.cpu.endian" value="little"/>
    <property name="user.home" value="C:\Users\David"/>
    <property name="user.language" value="es"/>
    <property name="java.specification.vendor" value="Oracle Corporation"/>
    <property name="java.version.date" value="2024-10-15"/>
    <property name="java.home" value="C:\Program Files\Java\jdk-17"/>
    <property name="file.separator" value="\"/>
    <property name="basedir" value="C:\Users\David\Desktop\DAM\DAM_Programacio_1er\Deures02"/>
    <property name="java.vm.compressedOopsMode" value="Zero based"/>
    <property name="line.separator" value="&#10;"/>
    <property name="java.vm.specification.vendor" value="Oracle Corporation"/>
    <property name="java.specification.name" value="Java Platform API Specification"/>
    <property name="surefire.real.class.path" value="C:\Users\David\AppData\Local\Temp\surefire1616304571625688166\surefirebooter-20250312183340667_3.jar"/>
    <property name="user.script" value=""/>
    <property name="sun.management.compiler" value="HotSpot 64-Bit Tiered Compilers"/>
    <property name="java.runtime.version" value="17.0.13+10-LTS-268"/>
    <property name="user.name" value="David"/>
    <property name="path.separator" value=";"/>
    <property name="os.version" value="10.0"/>
    <property name="java.runtime.name" value="Java(TM) SE Runtime Environment"/>
    <property name="file.encoding" value="Cp1252"/>
    <property name="java.vm.name" value="Java HotSpot(TM) 64-Bit Server VM"/>
    <property name="localRepository" value="C:\Users\David\.m2\repository"/>
    <property name="java.vendor.url.bug" value="https://bugreport.java.com/bugreport/"/>
    <property name="java.io.tmpdir" value="C:\Users\David\AppData\Local\Temp\"/>
    <property name="java.version" value="17.0.13"/>
    <property name="user.dir" value="C:\Users\David\Desktop\DAM\DAM_Programacio_1er\Deures02"/>
    <property name="os.arch" value="amd64"/>
    <property name="java.vm.specification.name" value="Java Virtual Machine Specification"/>
    <property name="sun.os.patch.level" value=""/>
    <property name="native.encoding" value="Cp1252"/>
    <property name="java.library.path" value="C:\Program Files\Java\jdk-17\bin;C:\Windows\Sun\Java\bin;C:\Windows\system32;C:\Windows;C:\app\David\product\21c\dbhomeXE\bin;C:\Program Files\Common Files\Oracle\Java\javapath;C:\Program Files (x86)\Common Files\Oracle\Java\java8path;C:\Program Files (x86)\Common Files\Oracle\Java\javapath;C:\Windows\system32;C:\Windows;C:\Windows\System32\Wbem;C:\Windows\System32\WindowsPowerShell\v1.0\;C:\Windows\System32\OpenSSH\;C:\Program Files\NVIDIA Corporation\NVIDIA NvDLISR;C:\Program Files (x86)\NVIDIA Corporation\PhysX\Common;C:\Program Files\dotnet\;C:\Program Files\Maven\apache-maven-3.9.9\bin;C:\Gradle\bin;C:\Users\David\AppData\Local\Android\sdk\platform-tools;C:\Program Files\Java\jdk-17\bin;C:\Users\David\AppData\Local\Android\sdk\emulator;C:\Program Files\Git\cmd;C:\Program Files\nodejs\;C:\Users\David\AppData\Local\Microsoft\WindowsApps;C:\Users\David\AppData\Local\Programs\Microsoft VS Code\bin;C:\Users\David\AppData\Local\Muse Hub\lib;C:\Users\David\AppData\Local\GitHubDesktop\bin;C:\Users\David\AppData\Roaming\npm;."/>
    <property name="java.vm.info" value="mixed mode, sharing"/>
    <property name="java.vendor" value="Oracle Corporation"/>
    <property name="java.vm.version" value="17.0.13+10-LTS-268"/>
    <property name="java.specification.maintenance.version" value="1"/>
    <property name="sun.io.unicode.encoding" value="UnicodeLittle"/>
    <property name="java.class.version" value="61.0"/>
  </properties>
  <testcase name="testFiltraMonuments(TestInfo)" classname="com.exercicis.TestExercici0203" time="0.016">
    <system-out><![CDATA[Test passed, succeeded!
]]></system-out>
  </testcase>
  <testcase name="testFormatRow(TestInfo)" classname="com.exercicis.TestExercici0203" time="0.004">
    <system-out><![CDATA[Test passed, succeeded!
]]></system-out>
  </testcase>
  <testcase name="testGetMonumentValue(TestInfo)" classname="com.exercicis.TestExercici0203" time="0.001">
    <system-out><![CDATA[Test passed, succeeded!
]]></system-out>
  </testcase>
  <testcase name="testIsValidValue(TestInfo)" classname="com.exercicis.TestExercici0203" time="0.001">
    <system-out><![CDATA[Test passed, succeeded!
]]></system-out>
  </testcase>
  <testcase name="testGetCoordsString(TestInfo)" classname="com.exercicis.TestExercici0203" time="0.007">
    <system-out><![CDATA[Test passed, succeeded!
]]></system-out>
  </testcase>
  <testcase name="testGeneraMarcTaula(TestInfo)" classname="com.exercicis.TestExercici0203" time="0.0">
    <system-out><![CDATA[Test passed, succeeded!
]]></system-out>
  </testcase>
  <testcase name="testValidarURL(TestInfo)" classname="com.exercicis.TestExercici0203" time="0.001">
    <system-out><![CDATA[Test passed, succeeded!
]]></system-out>
  </testcase>
  <testcase name="testLoadMonuments(TestInfo)" classname="com.exercicis.TestExercici0203" time="0.005">
    <failure message="expected: &lt;Perú&gt; but was: &lt;PerÃº&gt;" type="org.opentest4j.AssertionFailedError"><![CDATA[org.opentest4j.AssertionFailedError: expected: <Perú> but was: <PerÃº>
	at org.junit.jupiter.api.AssertionFailureBuilder.build(AssertionFailureBuilder.java:151)
	at org.junit.jupiter.api.AssertionFailureBuilder.buildAndThrow(AssertionFailureBuilder.java:132)
	at org.junit.jupiter.api.AssertEquals.failNotEqual(AssertEquals.java:197)
	at org.junit.jupiter.api.AssertEquals.assertEquals(AssertEquals.java:182)
	at org.junit.jupiter.api.AssertEquals.assertEquals(AssertEquals.java:177)
	at org.junit.jupiter.api.Assertions.assertEquals(Assertions.java:1145)
	at com.exercicis.TestExercici0203.testLoadMonuments(TestExercici0203.java:100)
	at java.base/java.lang.reflect.Method.invoke(Method.java:568)
	at java.base/java.util.ArrayList.forEach(ArrayList.java:1511)
	at java.base/java.util.ArrayList.forEach(ArrayList.java:1511)
]]></failure>
  </testcase>
  <testcase name="testOrdenaMonuments(TestInfo)" classname="com.exercicis.TestExercici0203" time="0.001">
    <system-out><![CDATA[Test passed, succeeded!
]]></system-out>
  </testcase>
  <testcase name="testTaulaMonuments(TestInfo)" classname="com.exercicis.TestExercici0203" time="0.011">
    <failure message="La taula generada no coincideix amb l&apos;esperada ==&gt; expected: &lt;┌──────────────┬─────┬────┬────────────┐&#10;│Nom           │Pais │Any │Coords      │&#10;├──────────────┼─────┼────┼────────────┤&#10;│Gran Muralla X│Xina │1987│40.4,116.6  │&#10;│Machu Picchu  │Perú │1983│-13.2,-72.5 │&#10;│Catedral de No│Franç│1991│48.9,2.3    │&#10;│Parc Nacional │Tanzà│1981│-2.3,34.8   │&#10;└──────────────┴─────┴────┴────────────┘&gt; but was: &lt;?????????????????????????????????????????????&#10;?Nom            ?Pais      ?Any  ?Coords    ?&#10;?????????????????????????????????????????????&#10;?Gran Muralla Xi?Xina      ?1987 ?40.4,116.6?&#10;?Machu Picchu   ?PerÃº     ?1983 ?-13.2,-72.?&#10;?Catedral de Not?FranÃ§a   ?1991 ?48.9,2.3  ?&#10;?Parc Nacional d?TanzÃ nia ?1981 ?-2.3,34.8 ?&#10;?????????????????????????????????????????????&gt;" type="org.opentest4j.AssertionFailedError"><![CDATA[org.opentest4j.AssertionFailedError: 
La taula generada no coincideix amb l'esperada ==> expected: <┌──────────────┬─────┬────┬────────────┐
│Nom           │Pais │Any │Coords      │
├──────────────┼─────┼────┼────────────┤
│Gran Muralla X│Xina │1987│40.4,116.6  │
│Machu Picchu  │Perú │1983│-13.2,-72.5 │
│Catedral de No│Franç│1991│48.9,2.3    │
│Parc Nacional │Tanzà│1981│-2.3,34.8   │
└──────────────┴─────┴────┴────────────┘> but was: <?????????????????????????????????????????????
?Nom            ?Pais      ?Any  ?Coords    ?
?????????????????????????????????????????????
?Gran Muralla Xi?Xina      ?1987 ?40.4,116.6?
?Machu Picchu   ?PerÃº     ?1983 ?-13.2,-72.?
?Catedral de Not?FranÃ§a   ?1991 ?48.9,2.3  ?
?Parc Nacional d?TanzÃ nia ?1981 ?-2.3,34.8 ?
?????????????????????????????????????????????>
	at org.junit.jupiter.api.AssertionFailureBuilder.build(AssertionFailureBuilder.java:151)
	at org.junit.jupiter.api.AssertionFailureBuilder.buildAndThrow(AssertionFailureBuilder.java:132)
	at org.junit.jupiter.api.AssertEquals.failNotEqual(AssertEquals.java:197)
	at org.junit.jupiter.api.AssertEquals.assertEquals(AssertEquals.java:182)
	at org.junit.jupiter.api.Assertions.assertEquals(Assertions.java:1156)
	at com.exercicis.TestExercici0203.testTaulaMonuments(TestExercici0203.java:453)
	at java.base/java.lang.reflect.Method.invoke(Method.java:568)
	at java.base/java.util.ArrayList.forEach(ArrayList.java:1511)
	at java.base/java.util.ArrayList.forEach(ArrayList.java:1511)
]]></failure>
  </testcase>
  <testcase name="testGeneraBaralla(TestInfo)" classname="com.exercicis.TestExercici0203" time="0.003">
    <failure message="La carta {oros, 1} ha d&apos;aparèixer exactament una vegada ==&gt; expected: &lt;1&gt; but was: &lt;0&gt;" type="org.opentest4j.AssertionFailedError"><![CDATA[org.opentest4j.AssertionFailedError: La carta {oros, 1} ha d'aparèixer exactament una vegada ==> expected: <1> but was: <0>
	at org.junit.jupiter.api.AssertionFailureBuilder.build(AssertionFailureBuilder.java:151)
	at org.junit.jupiter.api.AssertionFailureBuilder.buildAndThrow(AssertionFailureBuilder.java:132)
	at org.junit.jupiter.api.AssertEquals.failNotEqual(AssertEquals.java:197)
	at org.junit.jupiter.api.AssertEquals.assertEquals(AssertEquals.java:150)
	at org.junit.jupiter.api.Assertions.assertEquals(Assertions.java:563)
	at com.exercicis.TestExercici0203.testGeneraBaralla(TestExercici0203.java:480)
	at java.base/java.lang.reflect.Method.invoke(Method.java:568)
	at java.base/java.util.ArrayList.forEach(ArrayList.java:1511)
	at java.base/java.util.ArrayList.forEach(ArrayList.java:1511)
]]></failure>
  </testcase>
</testsuite>