<?xml version="1.0" encoding="UTF-8"?>
<testsuite xmlns:xsi="http://www.w3.org/2001/XMLSchema-instance" xsi:noNamespaceSchemaLocation="https://maven.apache.org/surefire/maven-surefire-plugin/xsd/surefire-test-report-3.0.xsd" version="3.0" name="com.exercicis.TestExercici0203" time="0.075" tests="11" errors="0" skipped="0" failures="3">
  <properties>
[...]
</properties>
  <testcase name="testFiltraMonuments(TestInfo)" classname="com.exercicis.TestExercici0203" time="0.016">
    <system-out><![CDATA[Test passed, succeeded!
]]></system-out>
  </testcase>
  <testcase name="testFormatRow(TestInfo)" classname="com.exercicis.TestExercici0203" time="0.004">
    <system-out><![CDATA[Test passed, succeeded!
]]></system-out>
  </testcase>
  <testcase name="testGetMonumentValue(TestInfo)" classname="com.exercicis.TestExercici0203" time="0.001">
    <system-out><![CDATA[Test passed, succeeded!
]]></system-out>
  </testcase>
  <testcase name="testIsValidValue(TestInfo)" classname="com.exercicis.TestExercici0203" time="0.001">
    <system-out><![CDATA[Test passed, succeeded!
]]></system-out>
  </testcase>
  <testcase name="testGetCoordsString(TestInfo)" classname="com.exercicis.TestExercici0203" time="0.007">
    <system-out><![CDATA[Test passed, succeeded!
]]></system-out>
  </testcase>
  <testcase name="testGeneraMarcTaula(TestInfo)" classname="com.exercicis.TestExercici0203" time="0.0">
    <system-out><![CDATA[Test passed, succeeded!
]]></system-out>
  </testcase>
  <testcase name="testValidarURL(TestInfo)" classname="com.exercicis.TestExercici0203" time="0.001">
    <system-out><![CDATA[Test passed, succeeded!
]]></system-out>
  </testcase>
  <testcase name="testLoadMonuments(TestInfo)" classname="com.exercicis.TestExercici0203" time="0.005">
    <failure message="expected: &lt;Perú&gt; but was: &lt;PerÃº&gt;" type="org.opentest4j.AssertionFailedError"><![CDATA[org.opentest4j.AssertionFailedError: expected: <Perú> but was: <PerÃº>
	at org.junit.jupiter.api.AssertionFailureBuilder.build(AssertionFailureBuilder.java:151)
	at org.junit.jupiter.api.AssertionFailureBuilder.buildAndThrow(AssertionFailureBuilder.java:132)
	at org.junit.jupiter.api.AssertEquals.failNotEqual(AssertEquals.java:197)
	at org.junit.jupiter.api.AssertEquals.assertEquals(AssertEquals.java:182)
	at org.junit.jupiter.api.AssertEquals.assertEquals(AssertEquals.java:177)
	at org.junit.jupiter.api.Assertions.assertEquals(Assertions.java:1145)
	at com.exercicis.TestExercici0203.testLoadMonuments(TestExercici0203.java:100)
	at java.base/java.lang.reflect.Method.invoke(Method.java:568)
	at java.base/java.util.ArrayList.forEach(ArrayList.java:1511)
	at java.base/java.util.ArrayList.forEach(ArrayList.java:1511)
]]></failure>
  </testcase>
  <testcase name="testOrdenaMonuments(TestInfo)" classname="com.exercicis.TestExercici0203" time="0.001">
    <system-out><![CDATA[Test passed, succeeded!
]]></system-out>
  </testcase>
  <testcase name="testTaulaMonuments(TestInfo)" classname="com.exercicis.TestExercici0203" time="0.011">
    <failure message="La taula generada no coincideix amb l&apos;esperada ==&gt; expected: &lt;┌──────────────┬─────┬────┬────────────┐&#10;│Nom           │Pais │Any │Coords      │&#10;├──────────────┼─────┼────┼────────────┤&#10;│Gran Muralla X│Xina │1987│40.4,116.6  │&#10;│Machu Picchu  │Perú │1983│-13.2,-72.5 │&#10;│Catedral de No│Franç│1991│48.9,2.3    │&#10;│Parc Nacional │Tanzà│1981│-2.3,34.8   │&#10;└──────────────┴─────┴────┴────────────┘&gt; but was: &lt;?????????????????????????????????????????????&#10;?Nom            ?Pais      ?Any  ?Coords    ?&#10;?????????????????????????????????????????????&#10;?Gran Muralla Xi?Xina      ?1987 ?40.4,116.6?&#10;?Machu Picchu   ?PerÃº     ?1983 ?-13.2,-72.?&#10;?Catedral de Not?FranÃ§a   ?1991 ?48.9,2.3  ?&#10;?Parc Nacional d?TanzÃ nia ?1981 ?-2.3,34.8 ?&#10;?????????????????????????????????????????????&gt;" type="org.opentest4j.AssertionFailedError"><![CDATA[org.opentest4j.AssertionFailedError: 
La taula generada no coincideix amb l'esperada ==> expected: <┌──────────────┬─────┬────┬────────────┐
│Nom           │Pais │Any │Coords      │
├──────────────┼─────┼────┼────────────┤
│Gran Muralla X│Xina │1987│40.4,116.6  │
│Machu Picchu  │Perú │1983│-13.2,-72.5 │
│Catedral de No│Franç│1991│48.9,2.3    │
│Parc Nacional │Tanzà│1981│-2.3,34.8   │
└──────────────┴─────┴────┴────────────┘> but was: <?????????????????????????????????????????????
?Nom            ?Pais      ?Any  ?Coords    ?
?????????????????????????????????????????????
?Gran Muralla Xi?Xina      ?1987 ?40.4,116.6?
?Machu Picchu   ?PerÃº     ?1983 ?-13.2,-72.?
?Catedral de Not?FranÃ§a   ?1991 ?48.9,2.3  ?
?Parc Nacional d?TanzÃ nia ?1981 ?-2.3,34.8 ?
?????????????????????????????????????????????>
	at org.junit.jupiter.api.AssertionFailureBuilder.build(AssertionFailureBuilder.java:151)
	at org.junit.jupiter.api.AssertionFailureBuilder.buildAndThrow(AssertionFailureBuilder.java:132)
	at org.junit.jupiter.api.AssertEquals.failNotEqual(AssertEquals.java:197)
	at org.junit.jupiter.api.AssertEquals.assertEquals(AssertEquals.java:182)
	at org.junit.jupiter.api.Assertions.assertEquals(Assertions.java:1156)
	at com.exercicis.TestExercici0203.testTaulaMonuments(TestExercici0203.java:453)
	at java.base/java.lang.reflect.Method.invoke(Method.java:568)
	at java.base/java.util.ArrayList.forEach(ArrayList.java:1511)
	at java.base/java.util.ArrayList.forEach(ArrayList.java:1511)
]]></failure>
  </testcase>
  <testcase name="testGeneraBaralla(TestInfo)" classname="com.exercicis.TestExercici0203" time="0.003">
    <failure message="La carta {oros, 1} ha d&apos;aparèixer exactament una vegada ==&gt; expected: &lt;1&gt; but was: &lt;0&gt;" type="org.opentest4j.AssertionFailedError"><![CDATA[org.opentest4j.AssertionFailedError: La carta {oros, 1} ha d'aparèixer exactament una vegada ==> expected: <1> but was: <0>
	at org.junit.jupiter.api.AssertionFailureBuilder.build(AssertionFailureBuilder.java:151)
	at org.junit.jupiter.api.AssertionFailureBuilder.buildAndThrow(AssertionFailureBuilder.java:132)
	at org.junit.jupiter.api.AssertEquals.failNotEqual(AssertEquals.java:197)
	at org.junit.jupiter.api.AssertEquals.assertEquals(AssertEquals.java:150)
	at org.junit.jupiter.api.Assertions.assertEquals(Assertions.java:563)
	at com.exercicis.TestExercici0203.testGeneraBaralla(TestExercici0203.java:480)
	at java.base/java.lang.reflect.Method.invoke(Method.java:568)
	at java.base/java.util.ArrayList.forEach(ArrayList.java:1511)
	at java.base/java.util.ArrayList.forEach(ArrayList.java:1511)
]]></failure>
  </testcase>
</testsuite>