-------------------------------------------------------------------------------
Test set: com.exercicis.TestExercici0203
-------------------------------------------------------------------------------
Tests run: 11, Failures: 3, Errors: 0, Skipped: 0, Time elapsed: 0.075 s <<< FAILURE! -- in com.exercicis.TestExercici0203
com.exercicis.TestExercici0203.testLoadMonuments(TestInfo) -- Time elapsed: 0.005 s <<< FAILURE!
org.opentest4j.AssertionFailedError: expected: <Perú> but was: <PerÃº>
	at org.junit.jupiter.api.AssertionFailureBuilder.build(AssertionFailureBuilder.java:151)
	at org.junit.jupiter.api.AssertionFailureBuilder.buildAndThrow(AssertionFailureBuilder.java:132)
	at org.junit.jupiter.api.AssertEquals.failNotEqual(AssertEquals.java:197)
	at org.junit.jupiter.api.AssertEquals.assertEquals(AssertEquals.java:182)
	at org.junit.jupiter.api.AssertEquals.assertEquals(AssertEquals.java:177)
	at org.junit.jupiter.api.Assertions.assertEquals(Assertions.java:1145)
	at com.exercicis.TestExercici0203.testLoadMonuments(TestExercici0203.java:100)
	at java.base/java.lang.reflect.Method.invoke(Method.java:568)
	at java.base/java.util.ArrayList.forEach(ArrayList.java:1511)
	at java.base/java.util.ArrayList.forEach(ArrayList.java:1511)

com.exercicis.TestExercici0203.testTaulaMonuments(TestInfo) -- Time elapsed: 0.011 s <<< FAILURE!
org.opentest4j.AssertionFailedError: 
La taula generada no coincideix amb l'esperada ==> expected: <┌──────────────┬─────┬────┬────────────┐
│Nom           │Pais │Any │Coords      │
├──────────────┼─────┼────┼────────────┤
│Gran Muralla X│Xina │1987│40.4,116.6  │
│Machu Picchu  │Perú │1983│-13.2,-72.5 │
│Catedral de No│Franç│1991│48.9,2.3    │
│Parc Nacional │Tanzà│1981│-2.3,34.8   │
└──────────────┴─────┴────┴────────────┘> but was: <?????????????????????????????????????????????
?Nom            ?Pais      ?Any  ?Coords    ?
?????????????????????????????????????????????
?Gran Muralla Xi?Xina      ?1987 ?40.4,116.6?
?Machu Picchu   ?PerÃº     ?1983 ?-13.2,-72.?
?Catedral de Not?FranÃ§a   ?1991 ?48.9,2.3  ?
?Parc Nacional d?TanzÃ nia ?1981 ?-2.3,34.8 ?
?????????????????????????????????????????????>
	at org.junit.jupiter.api.AssertionFailureBuilder.build(AssertionFailureBuilder.java:151)
	at org.junit.jupiter.api.AssertionFailureBuilder.buildAndThrow(AssertionFailureBuilder.java:132)
	at org.junit.jupiter.api.AssertEquals.failNotEqual(AssertEquals.java:197)
	at org.junit.jupiter.api.AssertEquals.assertEquals(AssertEquals.java:182)
	at org.junit.jupiter.api.Assertions.assertEquals(Assertions.java:1156)
	at com.exercicis.TestExercici0203.testTaulaMonuments(TestExercici0203.java:453)
	at java.base/java.lang.reflect.Method.invoke(Method.java:568)
	at java.base/java.util.ArrayList.forEach(ArrayList.java:1511)
	at java.base/java.util.ArrayList.forEach(ArrayList.java:1511)

com.exercicis.TestExercici0203.testGeneraBaralla(TestInfo) -- Time elapsed: 0.003 s <<< FAILURE!
org.opentest4j.AssertionFailedError: La carta {oros, 1} ha d'aparèixer exactament una vegada ==> expected: <1> but was: <0>
	at org.junit.jupiter.api.AssertionFailureBuilder.build(AssertionFailureBuilder.java:151)
	at org.junit.jupiter.api.AssertionFailureBuilder.buildAndThrow(AssertionFailureBuilder.java:132)
	at org.junit.jupiter.api.AssertEquals.failNotEqual(AssertEquals.java:197)
	at org.junit.jupiter.api.AssertEquals.assertEquals(AssertEquals.java:150)
	at org.junit.jupiter.api.Assertions.assertEquals(Assertions.java:563)
	at com.exercicis.TestExercici0203.testGeneraBaralla(TestExercici0203.java:480)
	at java.base/java.lang.reflect.Method.invoke(Method.java:568)
	at java.base/java.util.ArrayList.forEach(ArrayList.java:1511)
	at java.base/java.util.ArrayList.forEach(ArrayList.java:1511)

